<?xml version="1.0" encoding="UTF-8"?>
<testsuite name="features.APITestRunner" time="3.196" tests="1" errors="1" skipped="0" failures="0">
  <properties>
    <property name="java.runtime.name" value="Java(TM) SE Runtime Environment"/>
    <property name="sun.boot.library.path" value="C:\Program Files\Java\jdk1.8.0_144\jre\bin"/>
    <property name="java.vm.version" value="25.144-b01"/>
    <property name="java.vm.vendor" value="Oracle Corporation"/>
    <property name="maven.multiModuleProjectDirectory" value="F:\TestingProject\TestAutomation\apiautomation\apitest"/>
    <property name="java.vendor.url" value="http://java.oracle.com/"/>
    <property name="path.separator" value=";"/>
    <property name="guice.disable.misplaced.annotation.check" value="true"/>
    <property name="java.vm.name" value="Java HotSpot(TM) 64-Bit Server VM"/>
    <property name="file.encoding.pkg" value="sun.io"/>
    <property name="user.script" value=""/>
    <property name="user.country" value="US"/>
    <property name="sun.java.launcher" value="SUN_STANDARD"/>
    <property name="sun.os.patch.level" value=""/>
    <property name="java.vm.specification.name" value="Java Virtual Machine Specification"/>
    <property name="user.dir" value="F:\TestingProject\TestAutomation\apiautomation\apitest"/>
    <property name="java.runtime.version" value="1.8.0_144-b01"/>
    <property name="java.awt.graphicsenv" value="sun.awt.Win32GraphicsEnvironment"/>
    <property name="java.endorsed.dirs" value="C:\Program Files\Java\jdk1.8.0_144\jre\lib\endorsed"/>
    <property name="os.arch" value="amd64"/>
    <property name="java.io.tmpdir" value="C:\Users\hp\AppData\Local\Temp\"/>
    <property name="line.separator" value="&#10;"/>
    <property name="java.vm.specification.vendor" value="Oracle Corporation"/>
    <property name="user.variant" value=""/>
    <property name="os.name" value="Windows 10"/>
    <property name="maven.ext.class.path" value="C:\Program Files\JetBrains\IntelliJ IDEA Community Edition 2019.3\plugins\maven\lib\maven-event-listener.jar"/>
    <property name="classworlds.conf" value="C:\Program Files\JetBrains\IntelliJ IDEA Community Edition 2019.3\plugins\maven\lib\maven3\bin\m2.conf"/>
    <property name="sun.jnu.encoding" value="Cp1252"/>
    <property name="java.library.path" value="C:\Program Files\Java\jdk1.8.0_144\bin;C:\WINDOWS\Sun\Java\bin;C:\WINDOWS\system32;C:\WINDOWS;C:\ProgramData\Oracle\Java\javapath;C:\Program Files\Broadcom\Broadcom 802.11 Network Adapter;C:\Program Files (x86)\Intel\iCLS Client\;C:\Program Files\Intel\iCLS Client\;C:\WINDOWS\system32;C:\WINDOWS;C:\WINDOWS\System32\Wbem;C:\WINDOWS\System32\WindowsPowerShell\v1.0\;C:\Program Files (x86)\Intel\Intel(R) Management Engine Components\DAL;C:\Program Files\Intel\Intel(R) Management Engine Components\DAL;C:\Program Files (x86)\Intel\Intel(R) Management Engine Components\IPT;C:\Program Files\Intel\Intel(R) Management Engine Components\IPT;C:\Program Files\Java\jdk1.8.0_144\bin;F:\TestingProject\EShopper\apache-maven-3.5.0-bin\apache-maven-3.5.0\bin;H:\Tutorial\Appium\android-sdk-windows\platform-tools;H:\Tutorial\Appium\android-sdk-windows\tools;H:\Tutorial\Appium\android-sdk-windows\build-tools;C:\Program Files\nodejs\;C:\Python27;C:\Python27\Scripts;C:\WINDOWS\System32\OpenSSH\;C:\Program Files\Git\cmd;C:\Program Files\Git\mingw64\bin;C:\Program Files\Git\usr\bin;C:\Users\hp\AppData\Local\Microsoft\WindowsApps;C:\Users\hp\AppData\Roaming\npm;C:\apache-jmeter-5.1\bin;;."/>
    <property name="maven.conf" value="C:\Program Files\JetBrains\IntelliJ IDEA Community Edition 2019.3\plugins\maven\lib\maven3/conf"/>
    <property name="java.specification.name" value="Java Platform API Specification"/>
    <property name="java.class.version" value="52.0"/>
    <property name="sun.management.compiler" value="HotSpot 64-Bit Tiered Compilers"/>
    <property name="os.version" value="10.0"/>
    <property name="user.home" value="C:\Users\hp"/>
    <property name="user.timezone" value="Asia/Dhaka"/>
    <property name="java.awt.printerjob" value="sun.awt.windows.WPrinterJob"/>
    <property name="java.specification.version" value="1.8"/>
    <property name="file.encoding" value="UTF-8"/>
    <property name="user.name" value="hp"/>
    <property name="java.class.path" value="C:\Program Files\JetBrains\IntelliJ IDEA Community Edition 2019.3\plugins\maven\lib\maven3\boot\plexus-classworlds-2.6.0.jar;C:\Program Files\JetBrains\IntelliJ IDEA Community Edition 2019.3\lib\idea_rt.jar"/>
    <property name="java.vm.specification.version" value="1.8"/>
    <property name="sun.arch.data.model" value="64"/>
    <property name="java.home" value="C:\Program Files\Java\jdk1.8.0_144\jre"/>
    <property name="sun.java.command" value="org.codehaus.classworlds.Launcher -Didea.version2019.3 test"/>
    <property name="java.specification.vendor" value="Oracle Corporation"/>
    <property name="user.language" value="en"/>
    <property name="awt.toolkit" value="sun.awt.windows.WToolkit"/>
    <property name="java.vm.info" value="mixed mode"/>
    <property name="java.version" value="1.8.0_144"/>
    <property name="java.ext.dirs" value="C:\Program Files\Java\jdk1.8.0_144\jre\lib\ext;C:\WINDOWS\Sun\Java\lib\ext"/>
    <property name="sun.boot.class.path" value="C:\Program Files\Java\jdk1.8.0_144\jre\lib\resources.jar;C:\Program Files\Java\jdk1.8.0_144\jre\lib\rt.jar;C:\Program Files\Java\jdk1.8.0_144\jre\lib\sunrsasign.jar;C:\Program Files\Java\jdk1.8.0_144\jre\lib\jsse.jar;C:\Program Files\Java\jdk1.8.0_144\jre\lib\jce.jar;C:\Program Files\Java\jdk1.8.0_144\jre\lib\charsets.jar;C:\Program Files\Java\jdk1.8.0_144\jre\lib\jfr.jar;C:\Program Files\Java\jdk1.8.0_144\jre\classes"/>
    <property name="java.vendor" value="Oracle Corporation"/>
    <property name="maven.home" value="C:\Program Files\JetBrains\IntelliJ IDEA Community Edition 2019.3\plugins\maven\lib\maven3"/>
    <property name="file.separator" value="\"/>
    <property name="idea.version2019.3" value="true"/>
    <property name="java.vendor.url.bug" value="http://bugreport.sun.com/bugreport/"/>
    <property name="sun.cpu.endian" value="little"/>
    <property name="sun.io.unicode.encoding" value="UnicodeLittle"/>
    <property name="sun.desktop" value="windows"/>
    <property name="sun.cpu.isalist" value="amd64"/>
  </properties>
  <testcase name="[1:7] Create a new employee." classname="[CreateAnEmployee]" time="3.196">
    <error message="CreateAnEmployee.feature:14 - assert evaluated to false: createdData.age == [&quot;32&quot;]" type="com.intuit.karate.exception.KarateException">com.intuit.karate.exception.KarateException: CreateAnEmployee.feature:14 - assert evaluated to false: createdData.age == ["32"]
	at âœ½.And assert createdData.age == ["32"] (CreateAnEmployee.feature:14)
</error>
    <system-out><![CDATA[12:44:32.304 [main] INFO com.intuit.karate - karate.env system property was: null 
12:44:32.456 [main] DEBUG com.jayway.jsonpath.internal.path.CompiledPath - Evaluating path: $
12:44:32.549 [main] DEBUG com.jayway.jsonpath.internal.path.CompiledPath - Evaluating path: $
12:44:33.924 [main] DEBUG org.apache.http.client.protocol.RequestAddCookies - CookieSpec selected: karate
12:44:33.936 [main] DEBUG org.apache.http.client.protocol.RequestAuthCache - Auth cache not set in the context
12:44:33.937 [main] DEBUG com.intuit.karate - request:
1 > POST http://dummy.restapiexample.com/api/v1/create
1 > Accept-Encoding: gzip,deflate
1 > Connection: Keep-Alive
1 > Content-Length: 48
1 > Content-Type: application/json; charset=UTF-8
1 > Host: dummy.restapiexample.com
1 > User-Agent: Apache-HttpClient/4.5.5 (Java/1.8.0_144)
{"name":"Hasan SAS","salary":"21000","age":"32"}

12:44:33.941 [main] DEBUG org.apache.http.impl.conn.PoolingHttpClientConnectionManager - Connection request: [route: {}->http://dummy.restapiexample.com:80][total kept alive: 0; route allocated: 0 of 5; total allocated: 0 of 10]
12:44:33.959 [main] DEBUG org.apache.http.impl.conn.PoolingHttpClientConnectionManager - Connection leased: [id: 0][route: {}->http://dummy.restapiexample.com:80][total kept alive: 0; route allocated: 1 of 5; total allocated: 1 of 10]
12:44:33.962 [main] DEBUG org.apache.http.impl.execchain.MainClientExec - Opening connection {}->http://dummy.restapiexample.com:80
12:44:34.129 [main] DEBUG org.apache.http.impl.conn.DefaultHttpClientConnectionOperator - Connecting to dummy.restapiexample.com/35.154.155.8:80
12:44:34.214 [main] DEBUG org.apache.http.impl.conn.DefaultHttpClientConnectionOperator - Connection established 192.168.0.7:2628<->35.154.155.8:80
12:44:34.214 [main] DEBUG org.apache.http.impl.conn.DefaultManagedHttpClientConnection - http-outgoing-0: set socket timeout to 5000
12:44:34.214 [main] DEBUG org.apache.http.impl.execchain.MainClientExec - Executing request POST /api/v1/create HTTP/1.1
12:44:34.214 [main] DEBUG org.apache.http.impl.execchain.MainClientExec - Target auth state: UNCHALLENGED
12:44:34.214 [main] DEBUG org.apache.http.impl.execchain.MainClientExec - Proxy auth state: UNCHALLENGED
12:44:34.214 [main] DEBUG org.apache.http.headers - http-outgoing-0 >> POST /api/v1/create HTTP/1.1
12:44:34.214 [main] DEBUG org.apache.http.headers - http-outgoing-0 >> Content-Type: application/json; charset=UTF-8
12:44:34.214 [main] DEBUG org.apache.http.headers - http-outgoing-0 >> Content-Length: 48
12:44:34.214 [main] DEBUG org.apache.http.headers - http-outgoing-0 >> Host: dummy.restapiexample.com
12:44:34.214 [main] DEBUG org.apache.http.headers - http-outgoing-0 >> Connection: Keep-Alive
12:44:34.214 [main] DEBUG org.apache.http.headers - http-outgoing-0 >> User-Agent: Apache-HttpClient/4.5.5 (Java/1.8.0_144)
12:44:34.214 [main] DEBUG org.apache.http.headers - http-outgoing-0 >> Accept-Encoding: gzip,deflate
12:44:34.214 [main] DEBUG org.apache.http.wire - http-outgoing-0 >> "POST /api/v1/create HTTP/1.1[\r][\n]"
12:44:34.214 [main] DEBUG org.apache.http.wire - http-outgoing-0 >> "Content-Type: application/json; charset=UTF-8[\r][\n]"
12:44:34.214 [main] DEBUG org.apache.http.wire - http-outgoing-0 >> "Content-Length: 48[\r][\n]"
12:44:34.214 [main] DEBUG org.apache.http.wire - http-outgoing-0 >> "Host: dummy.restapiexample.com[\r][\n]"
12:44:34.214 [main] DEBUG org.apache.http.wire - http-outgoing-0 >> "Connection: Keep-Alive[\r][\n]"
12:44:34.214 [main] DEBUG org.apache.http.wire - http-outgoing-0 >> "User-Agent: Apache-HttpClient/4.5.5 (Java/1.8.0_144)[\r][\n]"
12:44:34.214 [main] DEBUG org.apache.http.wire - http-outgoing-0 >> "Accept-Encoding: gzip,deflate[\r][\n]"
12:44:34.214 [main] DEBUG org.apache.http.wire - http-outgoing-0 >> "[\r][\n]"
12:44:34.214 [main] DEBUG org.apache.http.wire - http-outgoing-0 >> "{"name":"Hasan SAS","salary":"21000","age":"32"}"
12:44:35.468 [main] DEBUG org.apache.http.wire - http-outgoing-0 << "HTTP/1.1 200 OK[\r][\n]"
12:44:35.468 [main] DEBUG org.apache.http.wire - http-outgoing-0 << "Accept-Ranges: bytes[\r][\n]"
12:44:35.468 [main] DEBUG org.apache.http.wire - http-outgoing-0 << "Access-Control-Allow-Origin: *[\r][\n]"
12:44:35.469 [main] DEBUG org.apache.http.wire - http-outgoing-0 << "Access-Control-Expose-Headers: Content-Type, X-Requested-With, X-authentication, X-client[\r][\n]"
12:44:35.469 [main] DEBUG org.apache.http.wire - http-outgoing-0 << "Age: 0[\r][\n]"
12:44:35.469 [main] DEBUG org.apache.http.wire - http-outgoing-0 << "Cache-Control: no-store, no-cache, must-revalidate[\r][\n]"
12:44:35.469 [main] DEBUG org.apache.http.wire - http-outgoing-0 << "Content-Type: text/html; charset=UTF-8[\r][\n]"
12:44:35.470 [main] DEBUG org.apache.http.wire - http-outgoing-0 << "Date: Sun, 15 Dec 2019 06:44:36 GMT[\r][\n]"
12:44:35.470 [main] DEBUG org.apache.http.wire - http-outgoing-0 << "Expires: Thu, 19 Nov 1981 08:52:00 GMT[\r][\n]"
12:44:35.470 [main] DEBUG org.apache.http.wire - http-outgoing-0 << "Pagespeed: off[\r][\n]"
12:44:35.471 [main] DEBUG org.apache.http.wire - http-outgoing-0 << "Pragma: no-cache[\r][\n]"
12:44:35.471 [main] DEBUG org.apache.http.wire - http-outgoing-0 << "Referrer-Policy: [\r][\n]"
12:44:35.471 [main] DEBUG org.apache.http.wire - http-outgoing-0 << "Response: 200[\r][\n]"
12:44:35.471 [main] DEBUG org.apache.http.wire - http-outgoing-0 << "Server: nginx/1.16.0[\r][\n]"
12:44:35.471 [main] DEBUG org.apache.http.wire - http-outgoing-0 << "Set-Cookie: PHPSESSID=a10be50940dfb76aceaae69bf379da9d; path=/[\r][\n]"
12:44:35.472 [main] DEBUG org.apache.http.wire - http-outgoing-0 << "Set-Cookie: ezoadgid_133674=-1; Path=/; Domain=restapiexample.com; Expires=Sun, 15 Dec 2019 07:14:35 UTC[\r][\n]"
12:44:35.472 [main] DEBUG org.apache.http.wire - http-outgoing-0 << "Set-Cookie: ezoref_133674=; Path=/; Domain=restapiexample.com; Expires=Sun, 15 Dec 2019 08:44:35 UTC[\r][\n]"
12:44:35.472 [main] DEBUG org.apache.http.wire - http-outgoing-0 << "Set-Cookie: ezoab_133674=mod6-c; Path=/; Domain=restapiexample.com; Expires=Sun, 15 Dec 2019 08:44:35 UTC[\r][\n]"
12:44:35.472 [main] DEBUG org.apache.http.wire - http-outgoing-0 << "Set-Cookie: active_template::133674=pub_site.1576392275; Path=/; Domain=restapiexample.com; Expires=Tue, 17 Dec 2019 06:44:35 UTC[\r][\n]"
12:44:35.473 [main] DEBUG org.apache.http.wire - http-outgoing-0 << "Set-Cookie: ezCMPCCS=true; Path=/; Domain=restapiexample.com; Expires=Tue, 15 Dec 2020 06:44:36 GMT[\r][\n]"
12:44:35.473 [main] DEBUG org.apache.http.wire - http-outgoing-0 << "Vary: Accept-Encoding,X-APP-JSON[\r][\n]"
12:44:35.473 [main] DEBUG org.apache.http.wire - http-outgoing-0 << "Via: 1.1 varnish (Varnish/6.0)[\r][\n]"
12:44:35.473 [main] DEBUG org.apache.http.wire - http-outgoing-0 << "X-Ezoic-Cdn: Miss[\r][\n]"
12:44:35.474 [main] DEBUG org.apache.http.wire - http-outgoing-0 << "X-Middleton-Response: 200[\r][\n]"
12:44:35.474 [main] DEBUG org.apache.http.wire - http-outgoing-0 << "X-Shard: 100224107[\r][\n]"
12:44:35.474 [main] DEBUG org.apache.http.wire - http-outgoing-0 << "X-Sol: pub_site[\r][\n]"
12:44:35.475 [main] DEBUG org.apache.http.wire - http-outgoing-0 << "X-Varnish: 244707848[\r][\n]"
12:44:35.475 [main] DEBUG org.apache.http.wire - http-outgoing-0 << "X-Vcache: Miss[\r][\n]"
12:44:35.475 [main] DEBUG org.apache.http.wire - http-outgoing-0 << "Content-Length: 131[\r][\n]"
12:44:35.475 [main] DEBUG org.apache.http.wire - http-outgoing-0 << "[\r][\n]"
12:44:35.475 [main] DEBUG org.apache.http.wire - http-outgoing-0 << "{"error":{"text":SQLSTATE[23000]: Integrity constraint violation: 1062 Duplicate entry 'Hasan SAS' for key 'employee_name_unique'}}"
12:44:35.488 [main] DEBUG org.apache.http.headers - http-outgoing-0 << HTTP/1.1 200 OK
12:44:35.502 [main] DEBUG org.apache.http.headers - http-outgoing-0 << Accept-Ranges: bytes
12:44:35.502 [main] DEBUG org.apache.http.headers - http-outgoing-0 << Access-Control-Allow-Origin: *
12:44:35.502 [main] DEBUG org.apache.http.headers - http-outgoing-0 << Access-Control-Expose-Headers: Content-Type, X-Requested-With, X-authentication, X-client
12:44:35.502 [main] DEBUG org.apache.http.headers - http-outgoing-0 << Age: 0
12:44:35.502 [main] DEBUG org.apache.http.headers - http-outgoing-0 << Cache-Control: no-store, no-cache, must-revalidate
12:44:35.502 [main] DEBUG org.apache.http.headers - http-outgoing-0 << Content-Type: text/html; charset=UTF-8
12:44:35.502 [main] DEBUG org.apache.http.headers - http-outgoing-0 << Date: Sun, 15 Dec 2019 06:44:36 GMT
12:44:35.502 [main] DEBUG org.apache.http.headers - http-outgoing-0 << Expires: Thu, 19 Nov 1981 08:52:00 GMT
12:44:35.502 [main] DEBUG org.apache.http.headers - http-outgoing-0 << Pagespeed: off
12:44:35.503 [main] DEBUG org.apache.http.headers - http-outgoing-0 << Pragma: no-cache
12:44:35.503 [main] DEBUG org.apache.http.headers - http-outgoing-0 << Referrer-Policy: 
12:44:35.503 [main] DEBUG org.apache.http.headers - http-outgoing-0 << Response: 200
12:44:35.503 [main] DEBUG org.apache.http.headers - http-outgoing-0 << Server: nginx/1.16.0
12:44:35.503 [main] DEBUG org.apache.http.headers - http-outgoing-0 << Set-Cookie: PHPSESSID=a10be50940dfb76aceaae69bf379da9d; path=/
12:44:35.503 [main] DEBUG org.apache.http.headers - http-outgoing-0 << Set-Cookie: ezoadgid_133674=-1; Path=/; Domain=restapiexample.com; Expires=Sun, 15 Dec 2019 07:14:35 UTC
12:44:35.503 [main] DEBUG org.apache.http.headers - http-outgoing-0 << Set-Cookie: ezoref_133674=; Path=/; Domain=restapiexample.com; Expires=Sun, 15 Dec 2019 08:44:35 UTC
12:44:35.503 [main] DEBUG org.apache.http.headers - http-outgoing-0 << Set-Cookie: ezoab_133674=mod6-c; Path=/; Domain=restapiexample.com; Expires=Sun, 15 Dec 2019 08:44:35 UTC
12:44:35.503 [main] DEBUG org.apache.http.headers - http-outgoing-0 << Set-Cookie: active_template::133674=pub_site.1576392275; Path=/; Domain=restapiexample.com; Expires=Tue, 17 Dec 2019 06:44:35 UTC
12:44:35.503 [main] DEBUG org.apache.http.headers - http-outgoing-0 << Set-Cookie: ezCMPCCS=true; Path=/; Domain=restapiexample.com; Expires=Tue, 15 Dec 2020 06:44:36 GMT
12:44:35.503 [main] DEBUG org.apache.http.headers - http-outgoing-0 << Vary: Accept-Encoding,X-APP-JSON
12:44:35.503 [main] DEBUG org.apache.http.headers - http-outgoing-0 << Via: 1.1 varnish (Varnish/6.0)
12:44:35.503 [main] DEBUG org.apache.http.headers - http-outgoing-0 << X-Ezoic-Cdn: Miss
12:44:35.503 [main] DEBUG org.apache.http.headers - http-outgoing-0 << X-Middleton-Response: 200
12:44:35.503 [main] DEBUG org.apache.http.headers - http-outgoing-0 << X-Shard: 100224107
12:44:35.503 [main] DEBUG org.apache.http.headers - http-outgoing-0 << X-Sol: pub_site
12:44:35.503 [main] DEBUG org.apache.http.headers - http-outgoing-0 << X-Varnish: 244707848
12:44:35.504 [main] DEBUG org.apache.http.headers - http-outgoing-0 << X-Vcache: Miss
12:44:35.504 [main] DEBUG org.apache.http.headers - http-outgoing-0 << Content-Length: 131
12:44:35.508 [main] DEBUG org.apache.http.impl.execchain.MainClientExec - Connection can be kept alive indefinitely
12:44:35.516 [main] DEBUG org.apache.http.client.protocol.ResponseProcessCookies - Cookie accepted [PHPSESSID="a10be50940dfb76aceaae69bf379da9d", version:0, domain:dummy.restapiexample.com, path:/, expiry:null]
12:44:35.534 [main] DEBUG org.apache.http.client.protocol.ResponseProcessCookies - Cookie accepted [ezoadgid_133674="-1", version:0, domain:restapiexample.com, path:/, expiry:Sun Dec 15 13:14:35 BDT 2019]
12:44:35.535 [main] DEBUG org.apache.http.client.protocol.ResponseProcessCookies - Cookie accepted [ezoref_133674="", version:0, domain:restapiexample.com, path:/, expiry:Sun Dec 15 14:44:35 BDT 2019]
12:44:35.536 [main] DEBUG org.apache.http.client.protocol.ResponseProcessCookies - Cookie accepted [ezoab_133674="mod6-c", version:0, domain:restapiexample.com, path:/, expiry:Sun Dec 15 14:44:35 BDT 2019]
12:44:35.537 [main] DEBUG org.apache.http.client.protocol.ResponseProcessCookies - Cookie accepted [active_template::133674="pub_site.1576392275", version:0, domain:restapiexample.com, path:/, expiry:Tue Dec 17 12:44:35 BDT 2019]
12:44:35.539 [main] DEBUG org.apache.http.client.protocol.ResponseProcessCookies - Cookie accepted [ezCMPCCS="true", version:0, domain:restapiexample.com, path:/, expiry:Tue Dec 15 12:44:36 BDT 2020]
12:44:35.541 [main] DEBUG org.apache.http.impl.conn.PoolingHttpClientConnectionManager - Connection [id: 0][route: {}->http://dummy.restapiexample.com:80] can be kept alive indefinitely
12:44:35.542 [main] DEBUG org.apache.http.impl.conn.DefaultManagedHttpClientConnection - http-outgoing-0: set socket timeout to 0
12:44:35.543 [main] DEBUG org.apache.http.impl.conn.PoolingHttpClientConnectionManager - Connection released: [id: 0][route: {}->http://dummy.restapiexample.com:80][total kept alive: 1; route allocated: 1 of 5; total allocated: 1 of 10]
12:44:35.543 [main] DEBUG com.intuit.karate - response time in milliseconds: 1601.56
1 < 200
1 < Accept-Ranges: bytes
1 < Access-Control-Allow-Origin: *
1 < Access-Control-Expose-Headers: Content-Type, X-Requested-With, X-authentication, X-client
1 < Age: 0
1 < Cache-Control: no-store, no-cache, must-revalidate
1 < Content-Length: 131
1 < Content-Type: text/html; charset=UTF-8
1 < Date: Sun, 15 Dec 2019 06:44:36 GMT
1 < Expires: Thu, 19 Nov 1981 08:52:00 GMT
1 < Pagespeed: off
1 < Pragma: no-cache
1 < Referrer-Policy: 
1 < Response: 200
1 < Server: nginx/1.16.0
1 < Set-Cookie: [PHPSESSID=a10be50940dfb76aceaae69bf379da9d; path=/, ezoadgid_133674=-1; Path=/; Domain=restapiexample.com; Expires=Sun, 15 Dec 2019 07:14:35 UTC, ezoref_133674=; Path=/; Domain=restapiexample.com; Expires=Sun, 15 Dec 2019 08:44:35 UTC, ezoab_133674=mod6-c; Path=/; Domain=restapiexample.com; Expires=Sun, 15 Dec 2019 08:44:35 UTC, active_template::133674=pub_site.1576392275; Path=/; Domain=restapiexample.com; Expires=Tue, 17 Dec 2019 06:44:35 UTC, ezCMPCCS=true; Path=/; Domain=restapiexample.com; Expires=Tue, 15 Dec 2020 06:44:36 GMT]
1 < Vary: Accept-Encoding,X-APP-JSON
1 < Via: 1.1 varnish (Varnish/6.0)
1 < X-Ezoic-Cdn: Miss
1 < X-Middleton-Response: 200
1 < X-Shard: 100224107
1 < X-Sol: pub_site
1 < X-Varnish: 244707848
1 < X-Vcache: Miss
{"error":{"text":SQLSTATE[23000]: Integrity constraint violation: 1062 Duplicate entry 'Hasan SAS' for key 'employee_name_unique'}}

12:44:35.570 [main] DEBUG com.jayway.jsonpath.internal.path.CompiledPath - Evaluating path: $
12:44:35.643 [main] ERROR com.intuit.karate - assertion failed: assert evaluated to false: createdData.age == ["32"]
]]></system-out>
  </testcase>
</testsuite>